# JRE version: Java(TM) SE Runtime Environment (8.0_05-b13) (build 1.8.0_05-b13)
# Java VM: Java HotSpot(TM) 64-Bit Server VM (25.5-b02 mixed mode linux-amd64 compressed oops)
Heap:
 def new generation   total 56640K, used 12657K [0x00000000a2400000, 0x00000000a6170000, 0x00000000c1800000)
  eden space 50368K,  20% used [0x00000000a2400000, 0x00000000a2e0f850, 0x00000000a5530000)
  from space 6272K,  37% used [0x00000000a5530000, 0x00000000a577ceb8, 0x00000000a5b50000)
  to   space 6272K,   0% used [0x00000000a5b50000, 0x00000000a5b50000, 0x00000000a6170000)
 tenured generation   total 125696K, used 32019K [0x00000000c1800000, 0x00000000c92c0000, 0x0000000100000000)
   the space 125696K,  25% used [0x00000000c1800000, 0x00000000c3744e10, 0x00000000c3745000, 0x00000000c92c0000)
 Metaspace       used 43280K, capacity 43842K, committed 43992K, reserved 1087488K
  class space    used 6187K, capacity 6313K, committed 6400K, reserved 1048576K
GC Heap History (10 events):
Event: 12.404 GC heap before
{Heap before GC invocations=173 (full 2):
 def new generation   total 56640K, used 51250K [0x00000000a2400000, 0x00000000a6170000, 0x00000000c1800000)
  eden space 50368K, 100% used [0x00000000a2400000, 0x00000000a5530000, 0x00000000a5530000)
  from space 6272K,  14% used [0x00000000a5b50000, 0x00000000a5c2c868, 0x00000000a6170000)
  to   space 6272K,   0% used [0x00000000a5530000, 0x00000000a5530000, 0x00000000a5b50000)
 tenured generation   total 125696K, used 27006K [0x00000000c1800000, 0x00000000c92c0000, 0x0000000100000000)
   the space 125696K,  21% used [0x00000000c1800000, 0x00000000c325f908, 0x00000000c325fa00, 0x00000000c92c0000)
 Metaspace       used 41899K, capacity 42430K, committed 42840K, reserved 1085440K
  class space    used 5994K, capacity 6147K, committed 6272K, reserved 1048576K
Event: 12.413 GC heap after
Heap after GC invocations=174 (full 2):
 def new generation   total 56640K, used 3694K [0x00000000a2400000, 0x00000000a6170000, 0x00000000c1800000)
  eden space 50368K,   0% used [0x00000000a2400000, 0x00000000a2400000, 0x00000000a5530000)
  from space 6272K,  58% used [0x00000000a5530000, 0x00000000a58cb920, 0x00000000a5b50000)
  to   space 6272K,   0% used [0x00000000a5b50000, 0x00000000a5b50000, 0x00000000a6170000)
 tenured generation   total 125696K, used 27006K [0x00000000c1800000, 0x00000000c92c0000, 0x0000000100000000)
   the space 125696K,  21% used [0x00000000c1800000, 0x00000000c325f908, 0x00000000c325fa00, 0x00000000c92c0000)
 Metaspace       used 41899K, capacity 42430K, committed 42840K, reserved 1085440K
  class space    used 5994K, capacity 6147K, committed 6272K, reserved 1048576K
}
Event: 12.906 GC heap before
{Heap before GC invocations=174 (full 2):
 def new generation   total 56640K, used 54062K [0x00000000a2400000, 0x00000000a6170000, 0x00000000c1800000)
  eden space 50368K, 100% used [0x00000000a2400000, 0x00000000a5530000, 0x00000000a5530000)
  from space 6272K,  58% used [0x00000000a5530000, 0x00000000a58cb920, 0x00000000a5b50000)
  to   space 6272K,   0% used [0x00000000a5b50000, 0x00000000a5b50000, 0x00000000a6170000)
 tenured generation   total 125696K, used 27006K [0x00000000c1800000, 0x00000000c92c0000, 0x0000000100000000)
   the space 125696K,  21% used [0x00000000c1800000, 0x00000000c325f908, 0x00000000c325fa00, 0x00000000c92c0000)
 Metaspace       used 42201K, capacity 42756K, committed 43096K, reserved 1085440K
  class space    used 6030K, capacity 6148K, committed 6272K, reserved 1048576K
Event: 12.913 GC heap after
Heap after GC invocations=175 (full 2):
 def new generation   total 56640K, used 3822K [0x00000000a2400000, 0x00000000a6170000, 0x00000000c1800000)
  eden space 50368K,   0% used [0x00000000a2400000, 0x00000000a2400000, 0x00000000a5530000)
  from space 6272K,  60% used [0x00000000a5b50000, 0x00000000a5f0ba88, 0x00000000a6170000)
  to   space 6272K,   0% used [0x00000000a5530000, 0x00000000a5530000, 0x00000000a5b50000)
 tenured generation   total 125696K, used 27752K [0x00000000c1800000, 0x00000000c92c0000, 0x0000000100000000)
   the space 125696K,  22% used [0x00000000c1800000, 0x00000000c331a188, 0x00000000c331a200, 0x00000000c92c0000)
 Metaspace       used 42201K, capacity 42756K, committed 43096K, reserved 1085440K
  class space    used 6030K, capacity 6148K, committed 6272K, reserved 1048576K
}
Event: 13.406 GC heap before
{Heap before GC invocations=175 (full 2):
 def new generation   total 56640K, used 54190K [0x00000000a2400000, 0x00000000a6170000, 0x00000000c1800000)
  eden space 50368K, 100% used [0x00000000a2400000, 0x00000000a5530000, 0x00000000a5530000)
  from space 6272K,  60% used [0x00000000a5b50000, 0x00000000a5f0ba88, 0x00000000a6170000)
  to   space 6272K,   0% used [0x00000000a5530000, 0x00000000a5530000, 0x00000000a5b50000)
 tenured generation   total 125696K, used 27752K [0x00000000c1800000, 0x00000000c92c0000, 0x0000000100000000)
   the space 125696K,  22% used [0x00000000c1800000, 0x00000000c331a188, 0x00000000c331a200, 0x00000000c92c0000)
 Metaspace       used 42561K, capacity 43170K, committed 43352K, reserved 1087488K
  class space    used 6084K, capacity 6217K, committed 6272K, reserved 1048576K
Event: 13.418 GC heap after
Heap after GC invocations=176 (full 2):
 def new generation   total 56640K, used 3070K [0x00000000a2400000, 0x00000000a6170000, 0x00000000c1800000)
  eden space 50368K,   0% used [0x00000000a2400000, 0x00000000a2400000, 0x00000000a5530000)
  from space 6272K,  48% used [0x00000000a5530000, 0x00000000a582fbc0, 0x00000000a5b50000)
  to   space 6272K,   0% used [0x00000000a5b50000, 0x00000000a5b50000, 0x00000000a6170000)
 tenured generation   total 125696K, used 29211K [0x00000000c1800000, 0x00000000c92c0000, 0x0000000100000000)
   the space 125696K,  23% used [0x00000000c1800000, 0x00000000c3486fc0, 0x00000000c3487000, 0x00000000c92c0000)
 Metaspace       used 42561K, capacity 43170K, committed 43352K, reserved 1087488K
  class space    used 6084K, capacity 6217K, committed 6272K, reserved 1048576K
}
Event: 933.098 GC heap before
{Heap before GC invocations=176 (full 2):
 def new generation   total 56640K, used 53438K [0x00000000a2400000, 0x00000000a6170000, 0x00000000c1800000)
  eden space 50368K, 100% used [0x00000000a2400000, 0x00000000a5530000, 0x00000000a5530000)
  from space 6272K,  48% used [0x00000000a5530000, 0x00000000a582fbc0, 0x00000000a5b50000)
  to   space 6272K,   0% used [0x00000000a5b50000, 0x00000000a5b50000, 0x00000000a6170000)
 tenured generation   total 125696K, used 29211K [0x00000000c1800000, 0x00000000c92c0000, 0x0000000100000000)
   the space 125696K,  23% used [0x00000000c1800000, 0x00000000c3486fc0, 0x00000000c3487000, 0x00000000c92c0000)
 Metaspace       used 43268K, capacity 43842K, committed 43992K, reserved 1087488K
  class space    used 6185K, capacity 6313K, committed 6400K, reserved 1048576K
Event: 933.104 GC heap after
Heap after GC invocations=177 (full 2):
 def new generation   total 56640K, used 5243K [0x00000000a2400000, 0x00000000a6170000, 0x00000000c1800000)
  eden space 50368K,   0% used [0x00000000a2400000, 0x00000000a2400000, 0x00000000a5530000)
  from space 6272K,  83% used [0x00000000a5b50000, 0x00000000a606ed80, 0x00000000a6170000)
  to   space 6272K,   0% used [0x00000000a5530000, 0x00000000a5530000, 0x00000000a5b50000)
 tenured generation   total 125696K, used 29211K [0x00000000c1800000, 0x00000000c92c0000, 0x0000000100000000)
   the space 125696K,  23% used [0x00000000c1800000, 0x00000000c3486fc0, 0x00000000c3487000, 0x00000000c92c0000)
 Metaspace       used 43268K, capacity 43842K, committed 43992K, reserved 1087488K
  class space    used 6185K, capacity 6313K, committed 6400K, reserved 1048576K
}
Event: 4147.068 GC heap before
{Heap before GC invocations=177 (full 2):
 def new generation   total 56640K, used 55611K [0x00000000a2400000, 0x00000000a6170000, 0x00000000c1800000)
  eden space 50368K, 100% used [0x00000000a2400000, 0x00000000a5530000, 0x00000000a5530000)
  from space 6272K,  83% used [0x00000000a5b50000, 0x00000000a606ed80, 0x00000000a6170000)
  to   space 6272K,   0% used [0x00000000a5530000, 0x00000000a5530000, 0x00000000a5b50000)
 tenured generation   total 125696K, used 29211K [0x00000000c1800000, 0x00000000c92c0000, 0x0000000100000000)
   the space 125696K,  23% used [0x00000000c1800000, 0x00000000c3486fc0, 0x00000000c3487000, 0x00000000c92c0000)
 Metaspace       used 43274K, capacity 43842K, committed 43992K, reserved 1087488K
  class space    used 6185K, capacity 6313K, committed 6400K, reserved 1048576K
Event: 4147.074 GC heap after
Heap after GC invocations=178 (full 2):
 def new generation   total 56640K, used 2355K [0x00000000a2400000, 0x00000000a6170000, 0x00000000c1800000)
  eden space 50368K,   0% used [0x00000000a2400000, 0x00000000a2400000, 0x00000000a5530000)
  from space 6272K,  37% used [0x00000000a5530000, 0x00000000a577ceb8, 0x00000000a5b50000)
  to   space 6272K,   0% used [0x00000000a5b50000, 0x00000000a5b50000, 0x00000000a6170000)
 tenured generation   total 125696K, used 32019K [0x00000000c1800000, 0x00000000c92c0000, 0x0000000100000000)
   the space 125696K,  25% used [0x00000000c1800000, 0x00000000c3744e10, 0x00000000c3745000, 0x00000000c92c0000)
 Metaspace       used 43274K, capacity 43842K, committed 43992K, reserved 1087488K
  class space    used 6185K, capacity 6313K, committed 6400K, reserved 1048576K
}

